<?xml version="1.0" encoding="UTF-8"?>
<!-- Generated by org.testng.reporters.JUnitXMLReporter -->
<testsuite ignored="0" hostname="DESKTOP-QVIIK6A" failures="0" tests="3" name="SuiteTests" time="0.086" errors="0" timestamp="2021-02-18T10:46:11 IST">
  <testcase classname="suiteExample.DemoOne" name="firstTestCase" time="0.013"/>
  <testcase classname="suiteExample.DemoOne" name="secondTestCase" time="0.004"/>
  <testcase classname="suiteExample.DemoTwo" name="TestCase" time="0.002"/>
</testsuite> <!-- SuiteTests -->
