<?xml version="1.0" encoding="UTF-8"?>
<!-- Generated by org.testng.reporters.JUnitXMLReporter -->
<testsuite ignored="5" hostname="DESKTOP-QVIIK6A" failures="1" tests="3" name="Test" time="0.102" errors="0" timestamp="2021-02-18T11:03:40 IST">
  <testcase classname="TestNG.Activity5" name="pageTitleTest" time="0.01">
    <failure type="java.lang.NullPointerException" message="Cannot invoke &amp;quot;org.openqa.selenium.WebDriver.getTitle()&amp;quot; because &amp;quot;this.driver&amp;quot; is null">
      <![CDATA[java.lang.NullPointerException: Cannot invoke "org.openqa.selenium.WebDriver.getTitle()" because "this.driver" is null
at TestNG.Activity5.pageTitleTest(Activity5.java:22)
at java.base/java.util.ArrayList.forEach(ArrayList.java:1511)
... Removed 27 stack frames]]>
    </failure>
  </testcase> <!-- pageTitleTest -->
  <testcase classname="TestNG.Activity5" name="HeaderTest1" time="0.0">
    <skipped/>
  </testcase> <!-- HeaderTest1 -->
  <testcase classname="TestNG.Activity5" name="HeaderTest2" time="0.0">
    <skipped/>
  </testcase> <!-- HeaderTest2 -->
  <testcase classname="suiteExample.DemoOne" name="firstTestCase" time="0.0">
    <ignored/>
  </testcase> <!-- firstTestCase -->
  <testcase classname="suiteExample.DemoTwo" name="TestCase" time="0.0">
    <ignored/>
  </testcase> <!-- TestCase -->
  <testcase classname="TestNG.Activity5" name="ButtonTest2" time="0.0">
    <ignored/>
  </testcase> <!-- ButtonTest2 -->
  <testcase classname="TestNG.Activity5" name="ButtonTest1" time="0.0">
    <ignored/>
  </testcase> <!-- ButtonTest1 -->
  <testcase classname="suiteExample.DemoOne" name="secondTestCase" time="0.0">
    <ignored/>
  </testcase> <!-- secondTestCase -->
</testsuite> <!-- Test -->
